<?xml version="1.0" encoding="UTF-8"?>
<testng-results ignored="0" total="1" passed="1" failed="0" skipped="0">
  <reporter-output>
  </reporter-output>
  <suite started-at="2021-10-27T00:05:45 MSK" name="Surefire suite" finished-at="2021-10-27T00:06:24 MSK" duration-ms="38457">
    <groups>
    </groups>
    <test started-at="2021-10-27T00:05:45 MSK" name="Surefire test" finished-at="2021-10-27T00:06:24 MSK" duration-ms="38457">
      <class name="tests.SearchLettersTest">
        <test-method is-config="true" signature="setUp()[pri:0, instance:tests.SearchLettersTest@aa21042]" started-at="2021-10-27T00:05:45 MSK" name="setUp" finished-at="2021-10-27T00:05:52 MSK" duration-ms="6207" status="PASS">
          <reporter-output>
          </reporter-output>
        </test-method> <!-- setUp -->
        <test-method signature="test()[pri:0, instance:tests.SearchLettersTest@aa21042]" started-at="2021-10-27T00:05:52 MSK" name="test" finished-at="2021-10-27T00:06:23 MSK" duration-ms="31352" status="PASS">
          <reporter-output>
          </reporter-output>
        </test-method> <!-- test -->
        <test-method is-config="true" signature="tearDown()[pri:0, instance:tests.SearchLettersTest@aa21042]" started-at="2021-10-27T00:06:23 MSK" name="tearDown" finished-at="2021-10-27T00:06:24 MSK" duration-ms="640" status="PASS">
          <reporter-output>
          </reporter-output>
        </test-method> <!-- tearDown -->
      </class> <!-- tests.SearchLettersTest -->
    </test> <!-- Surefire test -->
  </suite> <!-- Surefire suite -->
</testng-results>
